<?xml version="1.0" encoding="UTF-8"?>
<testng-results skipped="0" failed="0" total="14" passed="14">
  <reporter-output>
  </reporter-output>
  <suite name="ManagementInterfaceAcceptance" duration-ms="9059" started-at="2016-08-24T19:39:01Z" finished-at="2016-08-24T19:39:10Z">
    <groups>
    </groups>
    <test name="LogIn" duration-ms="2102" started-at="2016-08-24T19:39:01Z" finished-at="2016-08-24T19:39:03Z">
      <class name="core.tests.BaseTest">
        <test-method status="PASS" signature="login(java.lang.String, java.lang.String, java.lang.String, java.lang.String, java.lang.String, java.lang.String, int, java.lang.String, java.lang.String, java.lang.String, boolean)[pri:0, instance:core.tests.BaseTest@47c62251]" name="login" duration-ms="2086" started-at="2016-08-24T12:39:01Z" finished-at="2016-08-24T12:39:03Z">
          <params>
            <param index="0">
              <value>
                <![CDATA[/api/v1/login]]>
              </value>
            </param>
            <param index="1">
              <value>
                <![CDATA[admin]]>
              </value>
            </param>
            <param index="2">
              <value>
                <![CDATA[admin]]>
              </value>
            </param>
            <param index="3">
              <value>
                <![CDATA[localhost]]>
              </value>
            </param>
            <param index="4">
              <value>
                <![CDATA[qaLandlord]]>
              </value>
            </param>
            <param index="5">
              <value>
                <![CDATA[application/json]]>
              </value>
            </param>
            <param index="6">
              <value>
                <![CDATA[200]]>
              </value>
            </param>
            <param index="7">
              <value>
                <![CDATA[]]>
              </value>
            </param>
            <param index="8">
              <value>
                <![CDATA[]]>
              </value>
            </param>
            <param index="9">
              <value>
                <![CDATA[]]>
              </value>
            </param>
            <param index="10">
              <value>
                <![CDATA[false]]>
              </value>
            </param>
          </params>
          <reporter-output>
          </reporter-output>
        </test-method> <!-- login -->
      </class> <!-- core.tests.BaseTest -->
    </test> <!-- LogIn -->
    <test name="Delete credentials from Catalog" duration-ms="171" started-at="2016-08-24T19:39:03Z" finished-at="2016-08-24T19:39:04Z">
      <class name="com.emc.itests.configmgr.tests.DeleteFromES">
        <test-method status="PASS" signature="deleteRecordsFromESByName(java.lang.String, java.lang.String, java.lang.String, java.lang.String)[pri:0, instance:com.emc.itests.configmgr.tests.DeleteFromES@343f4d3d]" name="deleteRecordsFromESByName" duration-ms="170" started-at="2016-08-24T12:39:03Z" finished-at="2016-08-24T12:39:04Z">
          <params>
            <param index="0">
              <value>
                <![CDATA[sky30.lss.emc.com]]>
              </value>
            </param>
            <param index="1">
              <value>
                <![CDATA[credentials]]>
              </value>
            </param>
            <param index="2">
              <value>
                <![CDATA[qaLandlord]]>
              </value>
            </param>
            <param index="3">
              <value>
                <![CDATA[Cred4MI]]>
              </value>
            </param>
          </params>
          <reporter-output>
          </reporter-output>
        </test-method> <!-- deleteRecordsFromESByName -->
      </class> <!-- com.emc.itests.configmgr.tests.DeleteFromES -->
    </test> <!-- Delete credentials from Catalog -->
    <test name="Delete ManagementInterfaces from Catalog" duration-ms="93" started-at="2016-08-24T19:39:04Z" finished-at="2016-08-24T19:39:04Z">
      <class name="com.emc.itests.configmgr.tests.DeleteFromES">
        <test-method status="PASS" signature="deleteRecordsFromESByNameLike(java.lang.String, java.lang.String, java.lang.String, java.lang.String)[pri:0, instance:com.emc.itests.configmgr.tests.DeleteFromES@77cd7a0]" name="deleteRecordsFromESByNameLike" duration-ms="90" started-at="2016-08-24T12:39:04Z" finished-at="2016-08-24T12:39:04Z">
          <params>
            <param index="0">
              <value>
                <![CDATA[sky30.lss.emc.com]]>
              </value>
            </param>
            <param index="1">
              <value>
                <![CDATA[managementinterfaces]]>
              </value>
            </param>
            <param index="2">
              <value>
                <![CDATA[qaLandlord]]>
              </value>
            </param>
            <param index="3">
              <value>
                <![CDATA[MIAcceptance]]>
              </value>
            </param>
          </params>
          <reporter-output>
          </reporter-output>
        </test-method> <!-- deleteRecordsFromESByNameLike -->
      </class> <!-- com.emc.itests.configmgr.tests.DeleteFromES -->
    </test> <!-- Delete ManagementInterfaces from Catalog -->
    <test name="Delete StorageArray from Catalog" duration-ms="94" started-at="2016-08-24T19:39:04Z" finished-at="2016-08-24T19:39:04Z">
      <class name="com.emc.itests.configmgr.tests.DeleteFromES">
        <test-method status="PASS" signature="deleteRecordsFromESByName(java.lang.String, java.lang.String, java.lang.String, java.lang.String)[pri:0, instance:com.emc.itests.configmgr.tests.DeleteFromES@6eebc39e]" name="deleteRecordsFromESByName" duration-ms="93" started-at="2016-08-24T12:39:04Z" finished-at="2016-08-24T12:39:04Z">
          <params>
            <param index="0">
              <value>
                <![CDATA[sky30.lss.emc.com]]>
              </value>
            </param>
            <param index="1">
              <value>
                <![CDATA[storagearrays]]>
              </value>
            </param>
            <param index="2">
              <value>
                <![CDATA[qaLandlord]]>
              </value>
            </param>
            <param index="3">
              <value>
                <![CDATA[sa4MIsaList]]>
              </value>
            </param>
          </params>
          <reporter-output>
          </reporter-output>
        </test-method> <!-- deleteRecordsFromESByName -->
      </class> <!-- com.emc.itests.configmgr.tests.DeleteFromES -->
    </test> <!-- Delete StorageArray from Catalog -->
    <test name="Delete workflows from Catalog" duration-ms="88" started-at="2016-08-24T19:39:04Z" finished-at="2016-08-24T19:39:04Z">
      <class name="com.emc.itests.configmgr.tests.DeleteFromES">
        <test-method status="PASS" signature="deleteRecordsFromESByName(java.lang.String, java.lang.String, java.lang.String, java.lang.String)[pri:0, instance:com.emc.itests.configmgr.tests.DeleteFromES@57fffcd7]" name="deleteRecordsFromESByName" duration-ms="85" started-at="2016-08-24T12:39:04Z" finished-at="2016-08-24T12:39:04Z">
          <params>
            <param index="0">
              <value>
                <![CDATA[sky30.lss.emc.com]]>
              </value>
            </param>
            <param index="1">
              <value>
                <![CDATA[workflows]]>
              </value>
            </param>
            <param index="2">
              <value>
                <![CDATA[qaLandlord]]>
              </value>
            </param>
            <param index="3">
              <value>
                <![CDATA[wf4MI]]>
              </value>
            </param>
          </params>
          <reporter-output>
          </reporter-output>
        </test-method> <!-- deleteRecordsFromESByName -->
      </class> <!-- com.emc.itests.configmgr.tests.DeleteFromES -->
    </test> <!-- Delete workflows from Catalog -->
    <test name="POST credentials to use for ManagementInterface POST" duration-ms="1006" started-at="2016-08-24T19:39:04Z" finished-at="2016-08-24T19:39:05Z">
      <class name="com.emc.itests.configmgr.tests.CredentialTest">
        <test-method status="PASS" signature="insertCredential(java.lang.String, java.lang.String, java.lang.String, java.lang.String, java.lang.String, java.lang.String, java.lang.String, java.lang.String, java.lang.String, java.lang.String, java.lang.String, java.lang.String, java.lang.String, java.lang.String, int, java.lang.String, boolean, java.lang.String)[pri:0, instance:com.emc.itests.configmgr.tests.CredentialTest@56ac3a89]" name="insertCredential" duration-ms="995" started-at="2016-08-24T12:39:04Z" finished-at="2016-08-24T12:39:05Z">
          <params>
            <param index="0">
              <value>
                <![CDATA[/api/v1/credentials]]>
              </value>
            </param>
            <param index="1">
              <value is-null="true"/>
            </param>
            <param index="2">
              <value>
                <![CDATA[Cred4MI]]>
              </value>
            </param>
            <param index="3">
              <value is-null="true"/>
            </param>
            <param index="4">
              <value>
                <![CDATA[qaLandlord]]>
              </value>
            </param>
            <param index="5">
              <value is-null="true"/>
            </param>
            <param index="6">
              <value is-null="true"/>
            </param>
            <param index="7">
              <value>
                <![CDATA[SNMP]]>
              </value>
            </param>
            <param index="8">
              <value>
                <![CDATA[changeme1]]>
              </value>
            </param>
            <param index="9">
              <value>
                <![CDATA[testuser]]>
              </value>
            </param>
            <param index="10">
              <value>
                <![CDATA[]]>
              </value>
            </param>
            <param index="11">
              <value>
                <![CDATA[]]>
              </value>
            </param>
            <param index="12">
              <value>
                <![CDATA[]]>
              </value>
            </param>
            <param index="13">
              <value>
                <![CDATA[]]>
              </value>
            </param>
            <param index="14">
              <value>
                <![CDATA[201]]>
              </value>
            </param>
            <param index="15">
              <value>
                <![CDATA[application/json]]>
              </value>
            </param>
            <param index="16">
              <value>
                <![CDATA[true]]>
              </value>
            </param>
            <param index="17">
              <value is-null="true"/>
            </param>
          </params>
          <reporter-output>
          </reporter-output>
        </test-method> <!-- insertCredential -->
      </class> <!-- com.emc.itests.configmgr.tests.CredentialTest -->
    </test> <!-- POST credentials to use for ManagementInterface POST -->
    <test name="POST - Management Interface" duration-ms="1681" started-at="2016-08-24T19:39:05Z" finished-at="2016-08-24T19:39:07Z">
      <class name="com.emc.itests.configmgr.tests.ManagementInterfaceTest">
        <test-method status="PASS" signature="createManagementInterface(java.lang.String, java.lang.String, java.lang.String, java.lang.String, java.lang.String, java.lang.String, java.lang.String, java.lang.String, java.lang.String, java.lang.String, java.lang.String, java.lang.String, java.lang.String, java.lang.String, java.lang.String, java.lang.String, java.lang.String, java.lang.String, java.lang.String, java.lang.String, java.lang.String, java.lang.String, java.lang.String, java.lang.String, java.lang.String, int, java.lang.String, boolean, java.lang.String, java.lang.String)[pri:0, instance:com.emc.itests.configmgr.tests.ManagementInterfaceTest@4b952a2d]" name="createManagementInterface" duration-ms="1642" started-at="2016-08-24T12:39:05Z" finished-at="2016-08-24T12:39:07Z">
          <params>
            <param index="0">
              <value>
                <![CDATA[/api/v1/managementInterfaces]]>
              </value>
            </param>
            <param index="1">
              <value>
                <![CDATA[]]>
              </value>
            </param>
            <param index="2">
              <value>
                <![CDATA[MIAcceptance]]>
              </value>
            </param>
            <param index="3">
              <value>
                <![CDATA[]]>
              </value>
            </param>
            <param index="4">
              <value>
                <![CDATA[Cred4MI]]>
              </value>
            </param>
            <param index="5">
              <value>
                <![CDATA[]]>
              </value>
            </param>
            <param index="6">
              <value>
                <![CDATA[]]>
              </value>
            </param>
            <param index="7">
              <value>
                <![CDATA[/api/v1/credentials]]>
              </value>
            </param>
            <param index="8">
              <value>
                <![CDATA[]]>
              </value>
            </param>
            <param index="9">
              <value>
                <![CDATA[new ManagementInterfaces for Acceptance Test]]>
              </value>
            </param>
            <param index="10">
              <value>
                <![CDATA[true]]>
              </value>
            </param>
            <param index="11">
              <value>
                <![CDATA[test address,test2]]>
              </value>
            </param>
            <param index="12">
              <value>
                <![CDATA[12]]>
              </value>
            </param>
            <param index="13">
              <value>
                <![CDATA[true]]>
              </value>
            </param>
            <param index="14">
              <value>
                <![CDATA[DATADOMAINMANAGEMENTCENTER]]>
              </value>
            </param>
            <param index="15">
              <value>
                <![CDATA[]]>
              </value>
            </param>
            <param index="16">
              <value>
                <![CDATA[]]>
              </value>
            </param>
            <param index="17">
              <value>
                <![CDATA[DATADOMAIN]]>
              </value>
            </param>
            <param index="18">
              <value>
                <![CDATA[/test/uri/mi]]>
              </value>
            </param>
            <param index="19">
              <value>
                <![CDATA[]]>
              </value>
            </param>
            <param index="20">
              <value>
                <![CDATA[qaLandlord]]>
              </value>
            </param>
            <param index="21">
              <value>
                <![CDATA[tenant:/tenants/:id,credential:/credentials/:id]]>
              </value>
            </param>
            <param index="22">
              <value>
                <![CDATA[]]>
              </value>
            </param>
            <param index="23">
              <value>
                <![CDATA[]]>
              </value>
            </param>
            <param index="24">
              <value>
                <![CDATA[]]>
              </value>
            </param>
            <param index="25">
              <value>
                <![CDATA[201]]>
              </value>
            </param>
            <param index="26">
              <value>
                <![CDATA[application/json]]>
              </value>
            </param>
            <param index="27">
              <value>
                <![CDATA[true]]>
              </value>
            </param>
            <param index="28">
              <value is-null="true"/>
            </param>
            <param index="29">
              <value is-null="true"/>
            </param>
          </params>
          <reporter-output>
          </reporter-output>
        </test-method> <!-- createManagementInterface -->
      </class> <!-- com.emc.itests.configmgr.tests.ManagementInterfaceTest -->
    </test> <!-- POST - Management Interface -->
    <test name="GET - Management Interface" duration-ms="532" started-at="2016-08-24T19:39:07Z" finished-at="2016-08-24T19:39:07Z">
      <class name="com.emc.itests.configmgr.tests.ManagementInterfaceTest">
        <test-method status="PASS" signature="getManagementInterface(java.lang.String, java.lang.String, java.lang.String, java.lang.String, java.lang.String, java.lang.String, java.lang.String, java.lang.String, int, java.lang.String, boolean, boolean, java.lang.String, java.lang.String)[pri:0, instance:com.emc.itests.configmgr.tests.ManagementInterfaceTest@6adede5]" name="getManagementInterface" duration-ms="522" started-at="2016-08-24T12:39:07Z" finished-at="2016-08-24T12:39:07Z">
          <params>
            <param index="0">
              <value>
                <![CDATA[/api/v1/managementInterfaces]]>
              </value>
            </param>
            <param index="1">
              <value>
                <![CDATA[]]>
              </value>
            </param>
            <param index="2">
              <value>
                <![CDATA[MIAcceptance]]>
              </value>
            </param>
            <param index="3">
              <value>
                <![CDATA[]]>
              </value>
            </param>
            <param index="4">
              <value>
                <![CDATA[qaLandlord]]>
              </value>
            </param>
            <param index="5">
              <value>
                <![CDATA[]]>
              </value>
            </param>
            <param index="6">
              <value>
                <![CDATA[]]>
              </value>
            </param>
            <param index="7">
              <value>
                <![CDATA[]]>
              </value>
            </param>
            <param index="8">
              <value>
                <![CDATA[200]]>
              </value>
            </param>
            <param index="9">
              <value>
                <![CDATA[application/json]]>
              </value>
            </param>
            <param index="10">
              <value>
                <![CDATA[true]]>
              </value>
            </param>
            <param index="11">
              <value>
                <![CDATA[false]]>
              </value>
            </param>
            <param index="12">
              <value is-null="true"/>
            </param>
            <param index="13">
              <value is-null="true"/>
            </param>
          </params>
          <reporter-output>
          </reporter-output>
        </test-method> <!-- getManagementInterface -->
      </class> <!-- com.emc.itests.configmgr.tests.ManagementInterfaceTest -->
    </test> <!-- GET - Management Interface -->
    <test name="PUT - Management Interface" duration-ms="1705" started-at="2016-08-24T19:39:07Z" finished-at="2016-08-24T19:39:09Z">
      <class name="com.emc.itests.configmgr.tests.ManagementInterfaceTest">
        <test-method status="PASS" signature="updateManagementInterface(java.lang.String, java.lang.String, java.lang.String, java.lang.String, java.lang.String, java.lang.String, java.lang.String, java.lang.String, java.lang.String, java.lang.String, java.lang.String, java.lang.String, java.lang.String, java.lang.String, java.lang.String, java.lang.String, java.lang.String, java.lang.String, java.lang.String, java.lang.String, java.lang.String, java.lang.String, java.lang.String, java.lang.String, java.lang.String, java.lang.String, java.lang.String, java.lang.String, java.lang.String, java.lang.String, java.lang.String, int, java.lang.String, boolean, java.lang.String, java.lang.String)[pri:0, instance:com.emc.itests.configmgr.tests.ManagementInterfaceTest@64bfbc86]" name="updateManagementInterface" duration-ms="1673" started-at="2016-08-24T12:39:07Z" finished-at="2016-08-24T12:39:09Z">
          <params>
            <param index="0">
              <value>
                <![CDATA[/api/v1/managementInterfaces]]>
              </value>
            </param>
            <param index="1">
              <value>
                <![CDATA[]]>
              </value>
            </param>
            <param index="2">
              <value>
                <![CDATA[MIAcceptance]]>
              </value>
            </param>
            <param index="3">
              <value>
                <![CDATA[]]>
              </value>
            </param>
            <param index="4">
              <value>
                <![CDATA[qaLandlord]]>
              </value>
            </param>
            <param index="5">
              <value>
                <![CDATA[]]>
              </value>
            </param>
            <param index="6">
              <value>
                <![CDATA[MIAcceptancePUT]]>
              </value>
            </param>
            <param index="7">
              <value>
                <![CDATA[]]>
              </value>
            </param>
            <param index="8">
              <value>
                <![CDATA[]]>
              </value>
            </param>
            <param index="9">
              <value>
                <![CDATA[PUT Acceptance Test]]>
              </value>
            </param>
            <param index="10">
              <value>
                <![CDATA[false]]>
              </value>
            </param>
            <param index="11">
              <value>
                <![CDATA[new adress]]>
              </value>
            </param>
            <param index="12">
              <value>
                <![CDATA[8443]]>
              </value>
            </param>
            <param index="13">
              <value>
                <![CDATA[false]]>
              </value>
            </param>
            <param index="14">
              <value>
                <![CDATA[SMISPROVIDER]]>
              </value>
            </param>
            <param index="15">
              <value>
                <![CDATA[]]>
              </value>
            </param>
            <param index="16">
              <value>
                <![CDATA[VMAX]]>
              </value>
            </param>
            <param index="17">
              <value>
                <![CDATA[/new/native/uri]]>
              </value>
            </param>
            <param index="18">
              <value>
                <![CDATA[Cred4MI]]>
              </value>
            </param>
            <param index="19">
              <value>
                <![CDATA[]]>
              </value>
            </param>
            <param index="20">
              <value>
                <![CDATA[]]>
              </value>
            </param>
            <param index="21">
              <value>
                <![CDATA[]]>
              </value>
            </param>
            <param index="22">
              <value>
                <![CDATA[]]>
              </value>
            </param>
            <param index="23">
              <value>
                <![CDATA[]]>
              </value>
            </param>
            <param index="24">
              <value>
                <![CDATA[]]>
              </value>
            </param>
            <param index="25">
              <value>
                <![CDATA[]]>
              </value>
            </param>
            <param index="26">
              <value>
                <![CDATA[tenant:/tenants/:id,credential:/credentials/:id]]>
              </value>
            </param>
            <param index="27">
              <value>
                <![CDATA[]]>
              </value>
            </param>
            <param index="28">
              <value>
                <![CDATA[]]>
              </value>
            </param>
            <param index="29">
              <value>
                <![CDATA[]]>
              </value>
            </param>
            <param index="30">
              <value>
                <![CDATA[]]>
              </value>
            </param>
            <param index="31">
              <value>
                <![CDATA[200]]>
              </value>
            </param>
            <param index="32">
              <value>
                <![CDATA[application/json]]>
              </value>
            </param>
            <param index="33">
              <value>
                <![CDATA[true]]>
              </value>
            </param>
            <param index="34">
              <value is-null="true"/>
            </param>
            <param index="35">
              <value is-null="true"/>
            </param>
          </params>
          <reporter-output>
          </reporter-output>
        </test-method> <!-- updateManagementInterface -->
      </class> <!-- com.emc.itests.configmgr.tests.ManagementInterfaceTest -->
    </test> <!-- PUT - Management Interface -->
    <test name="POST - Workflow for ManagementInteface WorkflowList" duration-ms="471" started-at="2016-08-24T19:39:09Z" finished-at="2016-08-24T19:39:09Z">
      <class name="com.emc.itests.configmgr.tests.WorkflowsTest">
        <test-method status="PASS" signature="createWorkflow(java.lang.String, java.lang.String, java.lang.String, java.lang.String, java.lang.String, java.lang.String, java.lang.String, java.lang.String, java.lang.String, java.lang.String, java.lang.String, java.lang.String, java.lang.String, java.lang.String, java.lang.String, boolean, boolean, java.lang.String, java.lang.String, java.lang.String, java.lang.String, java.lang.String, int, java.lang.String, boolean, java.lang.String, java.lang.String, java.lang.String, boolean, java.lang.String)[pri:0, instance:com.emc.itests.configmgr.tests.WorkflowsTest@5383967b]" name="createWorkflow" duration-ms="445" started-at="2016-08-24T12:39:09Z" finished-at="2016-08-24T12:39:09Z">
          <params>
            <param index="0">
              <value>
                <![CDATA[/api/v1/workflows]]>
              </value>
            </param>
            <param index="1">
              <value>
                <![CDATA[]]>
              </value>
            </param>
            <param index="2">
              <value>
                <![CDATA[wf4MI]]>
              </value>
            </param>
            <param index="3">
              <value>
                <![CDATA[]]>
              </value>
            </param>
            <param index="4">
              <value>
                <![CDATA[qaLandlord]]>
              </value>
            </param>
            <param index="5">
              <value>
                <![CDATA[]]>
              </value>
            </param>
            <param index="6">
              <value>
                <![CDATA[]]>
              </value>
            </param>
            <param index="7">
              <value>
                <![CDATA[DeleteCopiesWorkflow]]>
              </value>
            </param>
            <param index="8">
              <value>
                <![CDATA[/api/v1/workflowDefinitions]]>
              </value>
            </param>
            <param index="9">
              <value>
                <![CDATA[]]>
              </value>
            </param>
            <param index="10">
              <value>
                <![CDATA[]]>
              </value>
            </param>
            <param index="11">
              <value>
                <![CDATA[]]>
              </value>
            </param>
            <param index="12">
              <value>
                <![CDATA[]]>
              </value>
            </param>
            <param index="13">
              <value>
                <![CDATA[Test workflow description]]>
              </value>
            </param>
            <param index="14">
              <value>
                <![CDATA[DYNAMIC]]>
              </value>
            </param>
            <param index="15">
              <value>
                <![CDATA[false]]>
              </value>
            </param>
            <param index="16">
              <value>
                <![CDATA[false]]>
              </value>
            </param>
            <param index="17">
              <value>
                <![CDATA[]]>
              </value>
            </param>
            <param index="18">
              <value>
                <![CDATA[tenant:/tenants/:id,workflowDefinition:/workflowDefinitions/:id]]>
              </value>
            </param>
            <param index="19">
              <value>
                <![CDATA[]]>
              </value>
            </param>
            <param index="20">
              <value>
                <![CDATA[]]>
              </value>
            </param>
            <param index="21">
              <value>
                <![CDATA[]]>
              </value>
            </param>
            <param index="22">
              <value>
                <![CDATA[201]]>
              </value>
            </param>
            <param index="23">
              <value>
                <![CDATA[application/json]]>
              </value>
            </param>
            <param index="24">
              <value>
                <![CDATA[true]]>
              </value>
            </param>
            <param index="25">
              <value>
                <![CDATA[]]>
              </value>
            </param>
            <param index="26">
              <value>
                <![CDATA[]]>
              </value>
            </param>
            <param index="27">
              <value>
                <![CDATA[/api/v1/schedules]]>
              </value>
            </param>
            <param index="28">
              <value>
                <![CDATA[false]]>
              </value>
            </param>
            <param index="29">
              <value>
                <![CDATA[ENABLED]]>
              </value>
            </param>
          </params>
          <reporter-output>
          </reporter-output>
        </test-method> <!-- createWorkflow -->
      </class> <!-- com.emc.itests.configmgr.tests.WorkflowsTest -->
    </test> <!-- POST - Workflow for ManagementInteface WorkflowList -->
    <test name="Adding ManagementInterfaces to Workflow AssetList" duration-ms="450" started-at="2016-08-24T19:39:09Z" finished-at="2016-08-24T19:39:10Z">
      <class name="com.emc.itests.configmgr.tests.WorklowAssetList">
        <test-method status="PASS" signature="updateWorkflowAssetList(java.lang.String, java.lang.String, java.lang.String, java.lang.String, java.lang.String, java.lang.String, java.lang.String, java.lang.String, java.lang.String, int, int, java.lang.String, java.lang.String, int, java.lang.String, java.lang.String, boolean)[pri:0, instance:com.emc.itests.configmgr.tests.WorklowAssetList@18eed359]" name="updateWorkflowAssetList" duration-ms="444" started-at="2016-08-24T12:39:09Z" finished-at="2016-08-24T12:39:10Z">
          <params>
            <param index="0">
              <value>
                <![CDATA[/api/v1/workflows/:id/assetList]]>
              </value>
            </param>
            <param index="1">
              <value>
                <![CDATA[application/json]]>
              </value>
            </param>
            <param index="2">
              <value>
                <![CDATA[qaLandlord]]>
              </value>
            </param>
            <param index="3">
              <value>
                <![CDATA[sa4MIsaList]]>
              </value>
            </param>
            <param index="4">
              <value>
                <![CDATA[wf4MI]]>
              </value>
            </param>
            <param index="5">
              <value>
                <![CDATA[]]>
              </value>
            </param>
            <param index="6">
              <value>
                <![CDATA[]]>
              </value>
            </param>
            <param index="7">
              <value>
                <![CDATA[MIAcceptancePUT]]>
              </value>
            </param>
            <param index="8">
              <value>
                <![CDATA[]]>
              </value>
            </param>
            <param index="9">
              <value>
                <![CDATA[0]]>
              </value>
            </param>
            <param index="10">
              <value>
                <![CDATA[0]]>
              </value>
            </param>
            <param index="11">
              <value>
                <![CDATA[]]>
              </value>
            </param>
            <param index="12">
              <value>
                <![CDATA[]]>
              </value>
            </param>
            <param index="13">
              <value>
                <![CDATA[200]]>
              </value>
            </param>
            <param index="14">
              <value>
                <![CDATA[]]>
              </value>
            </param>
            <param index="15">
              <value>
                <![CDATA[]]>
              </value>
            </param>
            <param index="16">
              <value>
                <![CDATA[true]]>
              </value>
            </param>
          </params>
          <reporter-output>
          </reporter-output>
        </test-method> <!-- updateWorkflowAssetList -->
      </class> <!-- com.emc.itests.configmgr.tests.WorklowAssetList -->
    </test> <!-- Adding ManagementInterfaces to Workflow AssetList -->
    <test name="GET - Management Interface workflowList" duration-ms="130" started-at="2016-08-24T19:39:10Z" finished-at="2016-08-24T19:39:10Z">
      <class name="com.emc.itests.configmgr.tests.ManagementInterfaceTest">
        <test-method status="PASS" signature="getWorkflowListByName(java.lang.String, java.lang.String, java.lang.String, java.lang.String, java.lang.String, java.lang.String, java.lang.String, java.lang.String, int, java.lang.String, boolean, java.lang.String, java.lang.String)[pri:0, instance:com.emc.itests.configmgr.tests.ManagementInterfaceTest@335eadca]" name="getWorkflowListByName" duration-ms="127" started-at="2016-08-24T12:39:10Z" finished-at="2016-08-24T12:39:10Z">
          <params>
            <param index="0">
              <value>
                <![CDATA[/api/v1/managementInterfaces]]>
              </value>
            </param>
            <param index="1">
              <value>
                <![CDATA[MIAcceptancePUT]]>
              </value>
            </param>
            <param index="2">
              <value>
                <![CDATA[wf4MI]]>
              </value>
            </param>
            <param index="3">
              <value>
                <![CDATA[]]>
              </value>
            </param>
            <param index="4">
              <value>
                <![CDATA[qaLandlord]]>
              </value>
            </param>
            <param index="5">
              <value>
                <![CDATA[]]>
              </value>
            </param>
            <param index="6">
              <value>
                <![CDATA[]]>
              </value>
            </param>
            <param index="7">
              <value>
                <![CDATA[]]>
              </value>
            </param>
            <param index="8">
              <value>
                <![CDATA[200]]>
              </value>
            </param>
            <param index="9">
              <value>
                <![CDATA[application/json]]>
              </value>
            </param>
            <param index="10">
              <value>
                <![CDATA[true]]>
              </value>
            </param>
            <param index="11">
              <value is-null="true"/>
            </param>
            <param index="12">
              <value is-null="true"/>
            </param>
          </params>
          <reporter-output>
          </reporter-output>
        </test-method> <!-- getWorkflowListByName -->
      </class> <!-- com.emc.itests.configmgr.tests.ManagementInterfaceTest -->
    </test> <!-- GET - Management Interface workflowList -->
    <test name="DELETE - Management Interface expecting Conflict message" duration-ms="474" started-at="2016-08-24T19:39:10Z" finished-at="2016-08-24T19:39:10Z">
      <class name="com.emc.itests.configmgr.tests.ManagementInterfaceTest">
        <test-method status="PASS" signature="deleteManagementInterface(java.lang.String, java.lang.String, java.lang.String, java.lang.String, java.lang.String, java.lang.String, java.lang.String, java.lang.String, int, java.lang.String, boolean, boolean, java.lang.String, java.lang.String)[pri:0, instance:com.emc.itests.configmgr.tests.ManagementInterfaceTest@3b0143d3]" name="deleteManagementInterface" duration-ms="466" started-at="2016-08-24T12:39:10Z" finished-at="2016-08-24T12:39:10Z">
          <params>
            <param index="0">
              <value>
                <![CDATA[/api/v1/managementInterfaces]]>
              </value>
            </param>
            <param index="1">
              <value>
                <![CDATA[]]>
              </value>
            </param>
            <param index="2">
              <value>
                <![CDATA[MIAcceptancePUT]]>
              </value>
            </param>
            <param index="3">
              <value>
                <![CDATA[]]>
              </value>
            </param>
            <param index="4">
              <value>
                <![CDATA[qaLandlord]]>
              </value>
            </param>
            <param index="5">
              <value>
                <![CDATA[Conflict]]>
              </value>
            </param>
            <param index="6">
              <value>
                <![CDATA[]]>
              </value>
            </param>
            <param index="7">
              <value>
                <![CDATA[Management interface is in use]]>
              </value>
            </param>
            <param index="8">
              <value>
                <![CDATA[409]]>
              </value>
            </param>
            <param index="9">
              <value>
                <![CDATA[application/json]]>
              </value>
            </param>
            <param index="10">
              <value>
                <![CDATA[false]]>
              </value>
            </param>
            <param index="11">
              <value>
                <![CDATA[false]]>
              </value>
            </param>
            <param index="12">
              <value is-null="true"/>
            </param>
            <param index="13">
              <value is-null="true"/>
            </param>
          </params>
          <reporter-output>
          </reporter-output>
        </test-method> <!-- deleteManagementInterface -->
      </class> <!-- com.emc.itests.configmgr.tests.ManagementInterfaceTest -->
    </test> <!-- DELETE - Management Interface expecting Conflict message -->
    <test name="LogOut" duration-ms="33" started-at="2016-08-24T19:39:10Z" finished-at="2016-08-24T19:39:10Z">
      <class name="core.tests.BaseTest">
        <test-method status="PASS" signature="init(java.lang.String, java.lang.String, int, java.lang.String, java.lang.String, java.lang.String, boolean, org.testng.ITestContext)[pri:0, instance:core.tests.BaseTest@7d907bac]" name="init" is-config="true" duration-ms="936" started-at="2016-08-24T12:39:00Z" finished-at="2016-08-24T12:39:01Z">
          <params>
            <param index="0">
              <value>
                <![CDATA[https]]>
              </value>
            </param>
            <param index="1">
              <value>
                <![CDATA[sky30.lss.emc.com]]>
              </value>
            </param>
            <param index="2">
              <value>
                <![CDATA[8443]]>
              </value>
            </param>
            <param index="3">
              <value>
                <![CDATA[]]>
              </value>
            </param>
            <param index="4">
              <value>
                <![CDATA[admin]]>
              </value>
            </param>
            <param index="5">
              <value>
                <![CDATA[admin]]>
              </value>
            </param>
            <param index="6">
              <value>
                <![CDATA[true]]>
              </value>
            </param>
            <param index="7">
              <value>
                <![CDATA[org.testng.TestRunner@c2e3264]]>
              </value>
            </param>
          </params>
          <reporter-output>
          </reporter-output>
        </test-method> <!-- init -->
        <test-method status="PASS" signature="logout(java.lang.String, java.lang.String, int, java.lang.String, java.lang.String, java.lang.String, boolean)[pri:0, instance:core.tests.BaseTest@7d907bac]" name="logout" duration-ms="32" started-at="2016-08-24T12:39:10Z" finished-at="2016-08-24T12:39:10Z">
          <params>
            <param index="0">
              <value>
                <![CDATA[/api/v1/logout]]>
              </value>
            </param>
            <param index="1">
              <value>
                <![CDATA[application/json]]>
              </value>
            </param>
            <param index="2">
              <value>
                <![CDATA[200]]>
              </value>
            </param>
            <param index="3">
              <value>
                <![CDATA[]]>
              </value>
            </param>
            <param index="4">
              <value>
                <![CDATA[]]>
              </value>
            </param>
            <param index="5">
              <value>
                <![CDATA[]]>
              </value>
            </param>
            <param index="6">
              <value>
                <![CDATA[false]]>
              </value>
            </param>
          </params>
          <reporter-output>
          </reporter-output>
        </test-method> <!-- logout -->
      </class> <!-- core.tests.BaseTest -->
    </test> <!-- LogOut -->
  </suite> <!-- ManagementInterfaceAcceptance -->
</testng-results>
